<?xml version="1.0" encoding="UTF-8"?>
<!-- Generated by org.testng.reporters.JUnitReportReporter -->
<testsuite skipped="0" hostname="DESKTOP-PJ9IJJ7" name="com.jakartalabs.ShareMay2021.APITests2" tests="3" failures="0" timestamp="26 Jul 2021 07:38:19 GMT" time="13.691" errors="0">
  <testcase name="testLoginAPIWithInvalidCredentials" time="7.593" classname="com.jakartalabs.ShareMay2021.APITests2"/>
  <testcase name="testLoginAPI" time="4.322" classname="com.jakartalabs.ShareMay2021.APITests2"/>
  <testcase name="testDashboardAPI" time="1.776" classname="com.jakartalabs.ShareMay2021.APITests2"/>
</testsuite> <!-- com.jakartalabs.ShareMay2021.APITests2 -->
