<?xml version="1.0" encoding="UTF-8"?>
<!-- Generated by org.testng.reporters.JUnitReportReporter -->
<testsuite skipped="0" hostname="N0913-0062" name="com.jakartalabs.assigment.APITestAssignment" tests="3" failures="0" timestamp="29 Jul 2021 08:54:25 GMT" time="8.684" errors="0">
  <testcase name="testSignUpAPI" time="5.801" classname="com.jakartalabs.assigment.APITestAssignment"/>
  <testcase name="verifyProfileAPI" time="1.524" classname="com.jakartalabs.assigment.APITestAssignment"/>
  <testcase name="logoutAPI" time="1.359" classname="com.jakartalabs.assigment.APITestAssignment"/>
</testsuite> <!-- com.jakartalabs.assigment.APITestAssignment -->
