<?xml version="1.0" encoding="UTF-8"?>
<!-- Generated by org.testng.reporters.JUnitReportReporter -->
<testsuite skipped="0" hostname="DESKTOP-PJ9IJJ7" name="com.jakartalabs.assigment.APITestAssignment" tests="3" failures="0" timestamp="23 Jul 2021 13:34:29 GMT" time="12.484" errors="0">
  <testcase name="testSignUpAPI" time="9.255" classname="com.jakartalabs.assigment.APITestAssignment"/>
  <testcase name="verifyProfileAPI" time="1.670" classname="com.jakartalabs.assigment.APITestAssignment"/>
  <testcase name="logoutAPI" time="1.559" classname="com.jakartalabs.assigment.APITestAssignment"/>
</testsuite> <!-- com.jakartalabs.assigment.APITestAssignment -->
