<?xml version="1.0" encoding="UTF-8"?>
<!-- Generated by org.testng.reporters.JUnitReportReporter -->
<testsuite skipped="0" hostname="DESKTOP-PJ9IJJ7" name="com.jakartalabs.ShareMay2021.APITests" tests="1" failures="0" timestamp="23 Jul 2021 13:06:08 GMT" time="8.346" errors="0">
  <testcase name="testLoginAPI" time="8.346" classname="com.jakartalabs.ShareMay2021.APITests"/>
</testsuite> <!-- com.jakartalabs.ShareMay2021.APITests -->
