<?xml version="1.0" encoding="UTF-8"?>
<!-- Generated by org.testng.reporters.JUnitReportReporter -->
<testsuite skipped="0" hostname="DESKTOP-PJ9IJJ7" name="com.jakartalabs.ShareMay2021.InflectraAppTest" tests="1" failures="0" timestamp="15 Jul 2021 08:11:48 GMT" time="26.345" errors="0">
  <testcase name="loginTest" time="26.345" classname="com.jakartalabs.ShareMay2021.InflectraAppTest"/>
</testsuite> <!-- com.jakartalabs.ShareMay2021.InflectraAppTest -->
