<?xml version="1.0" encoding="UTF-8"?>
<!-- Generated by org.testng.reporters.JUnitReportReporter -->
<testsuite skipped="0" hostname="DESKTOP-PJ9IJJ7" name="com.jakartalabs.ShareMay2021.APITests" tests="3" failures="0" timestamp="21 Jul 2021 10:02:23 GMT" time="17.745" errors="0">
  <testcase name="testLoginAPIWithInvalidCredentials" time="8.930" classname="com.jakartalabs.ShareMay2021.APITests"/>
  <testcase name="testLoginAPI" time="6.911" classname="com.jakartalabs.ShareMay2021.APITests"/>
  <testcase name="testDashboardAPI" time="1.904" classname="com.jakartalabs.ShareMay2021.APITests"/>
</testsuite> <!-- com.jakartalabs.ShareMay2021.APITests -->
