<?xml version="1.0" encoding="UTF-8"?>
<!-- Generated by org.testng.reporters.JUnitReportReporter -->
<testsuite skipped="0" hostname="N0913-0062" name="com.jakartalabs.ShareMay2021.InflectraAppTest" tests="1" failures="0" timestamp="29 Jul 2021 07:54:34 GMT" time="18.423" errors="0">
  <testcase name="loginTest" time="18.423" classname="com.jakartalabs.ShareMay2021.InflectraAppTest"/>
</testsuite> <!-- com.jakartalabs.ShareMay2021.InflectraAppTest -->
