<?xml version="1.0" encoding="UTF-8"?>
<!-- Generated by org.testng.reporters.JUnitReportReporter -->
<testsuite skipped="0" hostname="DESKTOP-PJ9IJJ7" name="com.jakartalabs.ShareMay2021.APITests" tests="3" failures="0" timestamp="22 Jul 2021 02:27:54 GMT" time="16.231" errors="0">
  <testcase name="testLoginAPIWithInvalidCredentials" time="8.037" classname="com.jakartalabs.ShareMay2021.APITests"/>
  <testcase name="testLoginAPI" time="6.178" classname="com.jakartalabs.ShareMay2021.APITests"/>
  <testcase name="testDashboardAPI" time="2.016" classname="com.jakartalabs.ShareMay2021.APITests"/>
</testsuite> <!-- com.jakartalabs.ShareMay2021.APITests -->
